<?xml version="1.0" encoding="UTF-8"?>
<testng-results ignored="0" total="1" passed="1" failed="0" skipped="0">
  <reporter-output>
  </reporter-output>
  <suite started-at="2023-11-16T18:44:08Z" name="Default suite" finished-at="2023-11-16T18:44:30Z" duration-ms="21757">
    <groups>
    </groups>
    <test started-at="2023-11-16T18:44:08Z" name="Default test" finished-at="2023-11-16T18:44:30Z" duration-ms="21757">
      <class name="com.it.bd.tests.LoginTest">
        <test-method is-config="true" signature="startBrowser()[pri:0, instance:com.it.bd.tests.LoginTest@1bd39d3c]" started-at="2023-11-17T00:44:07Z" name="startBrowser" finished-at="2023-11-17T00:44:08Z" duration-ms="1525" status="PASS">
          <reporter-output>
          </reporter-output>
        </test-method> <!-- startBrowser -->
        <test-method is-config="true" signature="start()[pri:0, instance:com.it.bd.tests.LoginTest@1bd39d3c]" started-at="2023-11-17T00:44:08Z" name="start" finished-at="2023-11-17T00:44:18Z" duration-ms="9590" status="PASS">
          <reporter-output>
          </reporter-output>
        </test-method> <!-- start -->
        <test-method signature="ioginTest()[pri:0, instance:com.it.bd.tests.LoginTest@1bd39d3c]" started-at="2023-11-17T00:44:18Z" name="ioginTest" finished-at="2023-11-17T00:44:30Z" duration-ms="11786" status="PASS">
          <reporter-output>
          </reporter-output>
        </test-method> <!-- ioginTest -->
        <test-method is-config="true" signature="report()[pri:0, instance:com.it.bd.tests.LoginTest@1bd39d3c]" started-at="2023-11-17T00:44:30Z" name="report" finished-at="2023-11-17T00:44:30Z" duration-ms="359" status="PASS">
          <reporter-output>
          </reporter-output>
        </test-method> <!-- report -->
        <test-method is-config="true" signature="close()[pri:0, instance:com.it.bd.tests.LoginTest@1bd39d3c]" started-at="2023-11-17T00:44:30Z" name="close" finished-at="2023-11-17T00:44:30Z" duration-ms="174" status="PASS">
          <reporter-output>
          </reporter-output>
        </test-method> <!-- close -->
      </class> <!-- com.it.bd.tests.LoginTest -->
    </test> <!-- Default test -->
  </suite> <!-- Default suite -->
</testng-results>
