<?xml version="1.0" encoding="UTF-8"?>
<!-- Generated by org.testng.reporters.JUnitXMLReporter -->
<testsuite ignored="2" hostname="DESKTOP-K5S59DG" failures="0" tests="2" name="Test" time="25.175" errors="0" timestamp="14 Nov 2023 12:57:41 GMT">
  <testcase classname="com.it.bd.tests.LoginTest" name="ioginTest" time="11.584"/>
  <testcase classname="com.it.bd.tests.DashboardTest" name="adminTest" time="0.358"/>
  <testcase classname="com.it.bd.basedrivers.BaseDrivers" name="@BeforeSuite startBrowser" time="0.0">
    <ignored/>
  </testcase> <!-- @BeforeSuite startBrowser -->
  <testcase classname="com.it.bd.basedrivers.BaseDrivers" name="@AfterSuite close" time="0.0">
    <ignored/>
  </testcase> <!-- @AfterSuite close -->
</testsuite> <!-- Test -->
